0 info it worked if it ends with ok
1 verbose cli [ '/usr/bin/node', '/usr/bin/npm', 'start' ]
2 info using npm@3.10.10
3 info using node@v6.12.2
4 verbose run-script [ 'prestart', 'start', 'poststart' ]
5 info lifecycle todoapi@1.0.0~prestart: todoapi@1.0.0
6 verbose lifecycle todoapi@1.0.0~prestart: unsafe-perm in lifecycle true
7 verbose lifecycle todoapi@1.0.0~prestart: PATH: /usr/lib/node_modules/npm/bin/node-gyp-bin:/home/sidkathuria14/Desktop/TodoApi/node_modules/.bin:/home/sidkathuria14/anaconda2/bin:/home/sidkathuria14/.nix-profile/bin:/home/sidkathuria14/.nix-profile/sbin:/home/sidkathuria14/.local/share/umake/bin:/home/sidkathuria14/bin:/home/sidkathuria14/.local/bin:/home/sidkathuria14/anaconda2/bin:/home/sidkathuria14/.local/share/umake/bin:/home/sidkathuria14/bin:/home/sidkathuria14/.local/bin:/usr/local/sbin:/usr/local/bin:/usr/sbin:/usr/bin:/sbin:/bin:/usr/games:/usr/local/games:/snap/bin:/home/sidkathuria14/.rvm/bin:/home/sidkathuria14/NVPACK/android-sdk-linux/tools:/home/sidkathuria14/NVPACK/android-sdk-linux/platform-tools:/home/sidkathuria14/NVPACK/android-sdk-linux/build-tools:/home/sidkathuria14/NVPACK/android-sdk-linux/extras/android/support:/home/sidkathuria14/NVPACK/android-ndk-r12b:/home/sidkathuria14/NVPACK/apache-ant-1.8.2/bin:/home/sidkathuria14/NVPACK/gradle-2.9/bin:/home/sidkathuria14/.rvm/bin:/home/sidkathuria14/.rvm/bin:/home/sidkathuria14/NVPACK/android-sdk-linux/tools:/home/sidkathuria14/NVPACK/android-sdk-linux/platform-tools:/home/sidkathuria14/NVPACK/android-sdk-linux/build-tools:/home/sidkathuria14/NVPACK/android-sdk-linux/extras/android/support:/home/sidkathuria14/NVPACK/android-ndk-r12b:/home/sidkathuria14/NVPACK/apache-ant-1.8.2/bin:/home/sidkathuria14/NVPACK/gradle-2.9/bin:/home/sidkathuria14/.rvm/bin
8 verbose lifecycle todoapi@1.0.0~prestart: CWD: /home/sidkathuria14/Desktop/TodoApi
9 silly lifecycle todoapi@1.0.0~prestart: Args: [ '-c', 'start mongod --config ./data/mongod.cfg' ]
10 silly lifecycle todoapi@1.0.0~prestart: Returned: code: 1  signal: null
11 info lifecycle todoapi@1.0.0~prestart: Failed to exec prestart script
12 verbose stack Error: todoapi@1.0.0 prestart: `start mongod --config ./data/mongod.cfg`
12 verbose stack Exit status 1
12 verbose stack     at EventEmitter.<anonymous> (/usr/lib/node_modules/npm/lib/utils/lifecycle.js:255:16)
12 verbose stack     at emitTwo (events.js:106:13)
12 verbose stack     at EventEmitter.emit (events.js:191:7)
12 verbose stack     at ChildProcess.<anonymous> (/usr/lib/node_modules/npm/lib/utils/spawn.js:40:14)
12 verbose stack     at emitTwo (events.js:106:13)
12 verbose stack     at ChildProcess.emit (events.js:191:7)
12 verbose stack     at maybeClose (internal/child_process.js:920:16)
12 verbose stack     at Process.ChildProcess._handle.onexit (internal/child_process.js:230:5)
13 verbose pkgid todoapi@1.0.0
14 verbose cwd /home/sidkathuria14/Desktop/TodoApi
15 error Linux 4.13.0-31-generic
16 error argv "/usr/bin/node" "/usr/bin/npm" "start"
17 error node v6.12.2
18 error npm  v3.10.10
19 error code ELIFECYCLE
20 error todoapi@1.0.0 prestart: `start mongod --config ./data/mongod.cfg`
20 error Exit status 1
21 error Failed at the todoapi@1.0.0 prestart script 'start mongod --config ./data/mongod.cfg'.
21 error Make sure you have the latest version of node.js and npm installed.
21 error If you do, this is most likely a problem with the todoapi package,
21 error not with npm itself.
21 error Tell the author that this fails on your system:
21 error     start mongod --config ./data/mongod.cfg
21 error You can get information on how to open an issue for this project with:
21 error     npm bugs todoapi
21 error Or if that isn't available, you can get their info via:
21 error     npm owner ls todoapi
21 error There is likely additional logging output above.
22 verbose exit [ 1, true ]
